12-Feb-2021 14:00:25.096 INFO [main] org.apache.catalina.startup.VersionLoggerListener.log Server version name:   Apache Tomcat/8.5.63
12-Feb-2021 14:00:25.101 INFO [main] org.apache.catalina.startup.VersionLoggerListener.log Server built:          Jan 29 2021 11:21:49 UTC
12-Feb-2021 14:00:25.101 INFO [main] org.apache.catalina.startup.VersionLoggerListener.log Server version number: 8.5.63.0
12-Feb-2021 14:00:25.102 INFO [main] org.apache.catalina.startup.VersionLoggerListener.log OS Name:               Mac OS X
12-Feb-2021 14:00:25.102 INFO [main] org.apache.catalina.startup.VersionLoggerListener.log OS Version:            10.15.7
12-Feb-2021 14:00:25.102 INFO [main] org.apache.catalina.startup.VersionLoggerListener.log Architecture:          x86_64
12-Feb-2021 14:00:25.103 INFO [main] org.apache.catalina.startup.VersionLoggerListener.log Java Home:             /Users/mactorres/.sdkman/candidates/java/11.0.2-open
12-Feb-2021 14:00:25.103 INFO [main] org.apache.catalina.startup.VersionLoggerListener.log JVM Version:           11.0.2+9
12-Feb-2021 14:00:25.103 INFO [main] org.apache.catalina.startup.VersionLoggerListener.log JVM Vendor:            Oracle Corporation
12-Feb-2021 14:00:25.104 INFO [main] org.apache.catalina.startup.VersionLoggerListener.log CATALINA_BASE:         /Users/mactorres/kdi-dev/intelliJ/devops/apache-tomcat-8.5.63
12-Feb-2021 14:00:25.104 INFO [main] org.apache.catalina.startup.VersionLoggerListener.log CATALINA_HOME:         /Users/mactorres/kdi-dev/intelliJ/devops/apache-tomcat-8.5.63
12-Feb-2021 14:00:25.106 INFO [main] org.apache.catalina.startup.VersionLoggerListener.log Command line argument: --add-opens=java.base/java.lang=ALL-UNNAMED
12-Feb-2021 14:00:25.107 INFO [main] org.apache.catalina.startup.VersionLoggerListener.log Command line argument: --add-opens=java.base/java.io=ALL-UNNAMED
12-Feb-2021 14:00:25.107 INFO [main] org.apache.catalina.startup.VersionLoggerListener.log Command line argument: --add-opens=java.base/java.util=ALL-UNNAMED
12-Feb-2021 14:00:25.107 INFO [main] org.apache.catalina.startup.VersionLoggerListener.log Command line argument: --add-opens=java.base/java.util.concurrent=ALL-UNNAMED
12-Feb-2021 14:00:25.107 INFO [main] org.apache.catalina.startup.VersionLoggerListener.log Command line argument: --add-opens=java.rmi/sun.rmi.transport=ALL-UNNAMED
12-Feb-2021 14:00:25.107 INFO [main] org.apache.catalina.startup.VersionLoggerListener.log Command line argument: -Djava.util.logging.config.file=/Users/mactorres/kdi-dev/intelliJ/devops/apache-tomcat-8.5.63/conf/logging.properties
12-Feb-2021 14:00:25.108 INFO [main] org.apache.catalina.startup.VersionLoggerListener.log Command line argument: -Djava.util.logging.manager=org.apache.juli.ClassLoaderLogManager
12-Feb-2021 14:00:25.108 INFO [main] org.apache.catalina.startup.VersionLoggerListener.log Command line argument: -Djdk.tls.ephemeralDHKeySize=2048
12-Feb-2021 14:00:25.108 INFO [main] org.apache.catalina.startup.VersionLoggerListener.log Command line argument: -Djava.protocol.handler.pkgs=org.apache.catalina.webresources
12-Feb-2021 14:00:25.108 INFO [main] org.apache.catalina.startup.VersionLoggerListener.log Command line argument: -Dorg.apache.catalina.security.SecurityListener.UMASK=0027
12-Feb-2021 14:00:25.108 INFO [main] org.apache.catalina.startup.VersionLoggerListener.log Command line argument: -Dignore.endorsed.dirs=
12-Feb-2021 14:00:25.109 INFO [main] org.apache.catalina.startup.VersionLoggerListener.log Command line argument: -Dcatalina.base=/Users/mactorres/kdi-dev/intelliJ/devops/apache-tomcat-8.5.63
12-Feb-2021 14:00:25.109 INFO [main] org.apache.catalina.startup.VersionLoggerListener.log Command line argument: -Dcatalina.home=/Users/mactorres/kdi-dev/intelliJ/devops/apache-tomcat-8.5.63
12-Feb-2021 14:00:25.109 INFO [main] org.apache.catalina.startup.VersionLoggerListener.log Command line argument: -Djava.io.tmpdir=/Users/mactorres/kdi-dev/intelliJ/devops/apache-tomcat-8.5.63/temp
12-Feb-2021 14:00:25.109 INFO [main] org.apache.catalina.core.AprLifecycleListener.lifecycleEvent The Apache Tomcat Native library which allows using OpenSSL was not found on the java.library.path: [/Users/mactorres/Library/Java/Extensions:/Library/Java/Extensions:/Network/Library/Java/Extensions:/System/Library/Java/Extensions:/usr/lib/java:.]
12-Feb-2021 14:00:25.160 INFO [main] org.apache.coyote.AbstractProtocol.init Initializing ProtocolHandler ["http-nio-8001"]
12-Feb-2021 14:00:25.190 INFO [main] org.apache.tomcat.util.net.NioSelectorPool.getSharedSelector Using a shared selector for servlet write/read
12-Feb-2021 14:00:25.209 INFO [main] org.apache.catalina.startup.Catalina.load Initialization processed in 846 ms
12-Feb-2021 14:00:25.310 INFO [main] org.apache.catalina.core.StandardService.startInternal Starting service [Catalina]
12-Feb-2021 14:00:25.311 INFO [main] org.apache.catalina.core.StandardEngine.startInternal Starting Servlet Engine: Apache Tomcat/8.5.63
12-Feb-2021 14:00:25.349 INFO [localhost-startStop-1] org.apache.catalina.startup.HostConfig.deployWAR Deploying web application archive [/Users/mactorres/kdi-dev/intelliJ/devops/apache-tomcat-8.5.63/webapps/tasks.war]
12-Feb-2021 14:00:30.940 INFO [localhost-startStop-1] org.apache.jasper.servlet.TldScanner.scanJars At least one JAR was scanned for TLDs yet contained no TLDs. Enable debug logging for this logger for a complete list of JARs that were scanned but no TLDs were found in them. Skipping unneeded JARs during scanning can improve startup time and JSP compilation time.
12-Feb-2021 14:00:38.960 INFO [localhost-startStop-1] org.apache.catalina.startup.HostConfig.deployWAR Deployment of web application archive [/Users/mactorres/kdi-dev/intelliJ/devops/apache-tomcat-8.5.63/webapps/tasks.war] has finished in [13,611] ms
12-Feb-2021 14:00:38.962 INFO [localhost-startStop-1] org.apache.catalina.startup.HostConfig.deployWAR Deploying web application archive [/Users/mactorres/kdi-dev/intelliJ/devops/apache-tomcat-8.5.63/webapps/tasks-backend.war]
12-Feb-2021 14:00:42.674 INFO [localhost-startStop-1] org.apache.jasper.servlet.TldScanner.scanJars At least one JAR was scanned for TLDs yet contained no TLDs. Enable debug logging for this logger for a complete list of JARs that were scanned but no TLDs were found in them. Skipping unneeded JARs during scanning can improve startup time and JSP compilation time.
12-Feb-2021 14:00:55.099 INFO [localhost-startStop-1] org.apache.catalina.startup.HostConfig.deployWAR Deployment of web application archive [/Users/mactorres/kdi-dev/intelliJ/devops/apache-tomcat-8.5.63/webapps/tasks-backend.war] has finished in [16,136] ms
12-Feb-2021 14:00:55.100 INFO [localhost-startStop-1] org.apache.catalina.startup.HostConfig.deployDirectory Deploying web application directory [/Users/mactorres/kdi-dev/intelliJ/devops/apache-tomcat-8.5.63/webapps/docs]
12-Feb-2021 14:00:55.154 INFO [localhost-startStop-1] org.apache.catalina.startup.HostConfig.deployDirectory Deployment of web application directory [/Users/mactorres/kdi-dev/intelliJ/devops/apache-tomcat-8.5.63/webapps/docs] has finished in [53] ms
12-Feb-2021 14:00:55.157 INFO [localhost-startStop-1] org.apache.catalina.startup.HostConfig.deployDirectory Deploying web application directory [/Users/mactorres/kdi-dev/intelliJ/devops/apache-tomcat-8.5.63/webapps/manager]
12-Feb-2021 14:00:55.276 INFO [localhost-startStop-1] org.apache.catalina.startup.HostConfig.deployDirectory Deployment of web application directory [/Users/mactorres/kdi-dev/intelliJ/devops/apache-tomcat-8.5.63/webapps/manager] has finished in [119] ms
12-Feb-2021 14:00:55.279 INFO [localhost-startStop-1] org.apache.catalina.startup.HostConfig.deployDirectory Deploying web application directory [/Users/mactorres/kdi-dev/intelliJ/devops/apache-tomcat-8.5.63/webapps/examples]
12-Feb-2021 14:00:55.840 INFO [localhost-startStop-1] org.apache.catalina.startup.HostConfig.deployDirectory Deployment of web application directory [/Users/mactorres/kdi-dev/intelliJ/devops/apache-tomcat-8.5.63/webapps/examples] has finished in [561] ms
12-Feb-2021 14:00:55.841 INFO [localhost-startStop-1] org.apache.catalina.startup.HostConfig.deployDirectory Deploying web application directory [/Users/mactorres/kdi-dev/intelliJ/devops/apache-tomcat-8.5.63/webapps/ROOT]
12-Feb-2021 14:00:55.865 INFO [localhost-startStop-1] org.apache.catalina.startup.HostConfig.deployDirectory Deployment of web application directory [/Users/mactorres/kdi-dev/intelliJ/devops/apache-tomcat-8.5.63/webapps/ROOT] has finished in [24] ms
12-Feb-2021 14:00:55.865 INFO [localhost-startStop-1] org.apache.catalina.startup.HostConfig.deployDirectory Deploying web application directory [/Users/mactorres/kdi-dev/intelliJ/devops/apache-tomcat-8.5.63/webapps/host-manager]
12-Feb-2021 14:00:55.905 INFO [localhost-startStop-1] org.apache.catalina.startup.HostConfig.deployDirectory Deployment of web application directory [/Users/mactorres/kdi-dev/intelliJ/devops/apache-tomcat-8.5.63/webapps/host-manager] has finished in [40] ms
12-Feb-2021 14:00:55.911 INFO [main] org.apache.coyote.AbstractProtocol.start Starting ProtocolHandler ["http-nio-8001"]
12-Feb-2021 14:00:55.925 INFO [main] org.apache.catalina.startup.Catalina.start Server startup in 30715 ms
12-Feb-2021 14:01:21.410 WARNING [http-nio-8001-exec-5] org.apache.catalina.loader.WebappClassLoaderBase.clearReferencesJdbc The web application [tasks-backend] registered the JDBC driver [org.postgresql.Driver] but failed to unregister it when the web application was stopped. To prevent a memory leak, the JDBC Driver has been forcibly unregistered.
12-Feb-2021 14:01:21.979 INFO [http-nio-8001-exec-5] org.apache.catalina.startup.HostConfig.undeploy Undeploying context [/tasks-backend]
12-Feb-2021 14:01:22.917 INFO [http-nio-8001-exec-1] org.apache.catalina.startup.HostConfig.deployWAR Deploying web application archive [/Users/mactorres/kdi-dev/intelliJ/devops/apache-tomcat-8.5.63/webapps/tasks-backend.war]
12-Feb-2021 14:01:27.666 INFO [http-nio-8001-exec-1] org.apache.jasper.servlet.TldScanner.scanJars At least one JAR was scanned for TLDs yet contained no TLDs. Enable debug logging for this logger for a complete list of JARs that were scanned but no TLDs were found in them. Skipping unneeded JARs during scanning can improve startup time and JSP compilation time.
12-Feb-2021 14:01:38.081 INFO [http-nio-8001-exec-1] org.apache.catalina.startup.HostConfig.deployWAR Deployment of web application archive [/Users/mactorres/kdi-dev/intelliJ/devops/apache-tomcat-8.5.63/webapps/tasks-backend.war] has finished in [15,165] ms
12-Feb-2021 14:38:51.657 WARNING [http-nio-8001-exec-14] org.apache.catalina.loader.WebappClassLoaderBase.clearReferencesJdbc The web application [tasks-backend] registered the JDBC driver [org.postgresql.Driver] but failed to unregister it when the web application was stopped. To prevent a memory leak, the JDBC Driver has been forcibly unregistered.
12-Feb-2021 14:38:52.211 INFO [http-nio-8001-exec-14] org.apache.catalina.startup.HostConfig.undeploy Undeploying context [/tasks-backend]
12-Feb-2021 14:38:52.730 INFO [http-nio-8001-exec-15] org.apache.catalina.startup.HostConfig.deployWAR Deploying web application archive [/Users/mactorres/kdi-dev/intelliJ/devops/apache-tomcat-8.5.63/webapps/tasks-backend.war]
12-Feb-2021 14:38:56.733 INFO [http-nio-8001-exec-15] org.apache.jasper.servlet.TldScanner.scanJars At least one JAR was scanned for TLDs yet contained no TLDs. Enable debug logging for this logger for a complete list of JARs that were scanned but no TLDs were found in them. Skipping unneeded JARs during scanning can improve startup time and JSP compilation time.
12-Feb-2021 14:39:05.018 INFO [http-nio-8001-exec-15] org.apache.catalina.startup.HostConfig.deployWAR Deployment of web application archive [/Users/mactorres/kdi-dev/intelliJ/devops/apache-tomcat-8.5.63/webapps/tasks-backend.war] has finished in [12,288] ms
12-Feb-2021 15:02:28.595 WARNING [http-nio-8001-exec-22] org.apache.catalina.loader.WebappClassLoaderBase.clearReferencesJdbc The web application [tasks-backend] registered the JDBC driver [org.postgresql.Driver] but failed to unregister it when the web application was stopped. To prevent a memory leak, the JDBC Driver has been forcibly unregistered.
12-Feb-2021 15:02:29.167 INFO [http-nio-8001-exec-22] org.apache.catalina.startup.HostConfig.undeploy Undeploying context [/tasks-backend]
12-Feb-2021 15:02:29.624 INFO [http-nio-8001-exec-21] org.apache.catalina.startup.HostConfig.deployWAR Deploying web application archive [/Users/mactorres/kdi-dev/intelliJ/devops/apache-tomcat-8.5.63/webapps/tasks-backend.war]
12-Feb-2021 15:02:33.091 INFO [http-nio-8001-exec-21] org.apache.jasper.servlet.TldScanner.scanJars At least one JAR was scanned for TLDs yet contained no TLDs. Enable debug logging for this logger for a complete list of JARs that were scanned but no TLDs were found in them. Skipping unneeded JARs during scanning can improve startup time and JSP compilation time.
12-Feb-2021 15:02:44.573 INFO [http-nio-8001-exec-21] org.apache.catalina.startup.HostConfig.deployWAR Deployment of web application archive [/Users/mactorres/kdi-dev/intelliJ/devops/apache-tomcat-8.5.63/webapps/tasks-backend.war] has finished in [14,948] ms
12-Feb-2021 15:07:08.431 INFO [main] org.apache.catalina.core.StandardServer.await A valid shutdown command was received via the shutdown port. Stopping the Server instance.
12-Feb-2021 15:07:08.437 INFO [main] org.apache.coyote.AbstractProtocol.pause Pausing ProtocolHandler ["http-nio-8001"]
12-Feb-2021 15:07:08.453 INFO [main] org.apache.catalina.core.StandardService.stopInternal Stopping service [Catalina]
12-Feb-2021 15:07:08.619 WARNING [localhost-startStop-2] org.apache.catalina.loader.WebappClassLoaderBase.clearReferencesJdbc The web application [tasks-backend] registered the JDBC driver [org.postgresql.Driver] but failed to unregister it when the web application was stopped. To prevent a memory leak, the JDBC Driver has been forcibly unregistered.
12-Feb-2021 15:07:08.710 INFO [main] org.apache.coyote.AbstractProtocol.stop Stopping ProtocolHandler ["http-nio-8001"]
12-Feb-2021 15:07:08.733 INFO [main] org.apache.coyote.AbstractProtocol.destroy Destroying ProtocolHandler ["http-nio-8001"]
