05-Feb-2021 09:04:18.054 INFO [main] org.apache.catalina.startup.VersionLoggerListener.log Server version name:   Apache Tomcat/8.5.63
05-Feb-2021 09:04:18.063 INFO [main] org.apache.catalina.startup.VersionLoggerListener.log Server built:          Jan 29 2021 11:21:49 UTC
05-Feb-2021 09:04:18.064 INFO [main] org.apache.catalina.startup.VersionLoggerListener.log Server version number: 8.5.63.0
05-Feb-2021 09:04:18.064 INFO [main] org.apache.catalina.startup.VersionLoggerListener.log OS Name:               Mac OS X
05-Feb-2021 09:04:18.064 INFO [main] org.apache.catalina.startup.VersionLoggerListener.log OS Version:            10.15.7
05-Feb-2021 09:04:18.064 INFO [main] org.apache.catalina.startup.VersionLoggerListener.log Architecture:          x86_64
05-Feb-2021 09:04:18.065 INFO [main] org.apache.catalina.startup.VersionLoggerListener.log Java Home:             /Users/mactorres/Library/Java/JavaVirtualMachines/openjdk-15.0.1/Contents/Home
05-Feb-2021 09:04:18.065 INFO [main] org.apache.catalina.startup.VersionLoggerListener.log JVM Version:           15.0.1+9-18
05-Feb-2021 09:04:18.066 INFO [main] org.apache.catalina.startup.VersionLoggerListener.log JVM Vendor:            Oracle Corporation
05-Feb-2021 09:04:18.066 INFO [main] org.apache.catalina.startup.VersionLoggerListener.log CATALINA_BASE:         /Users/mactorres/kdi-dev/apache-tomcat-8.5.63
05-Feb-2021 09:04:18.069 INFO [main] org.apache.catalina.startup.VersionLoggerListener.log CATALINA_HOME:         /Users/mactorres/kdi-dev/apache-tomcat-8.5.63
05-Feb-2021 09:04:18.070 INFO [main] org.apache.catalina.startup.VersionLoggerListener.log Command line argument: --add-opens=java.base/java.lang=ALL-UNNAMED
05-Feb-2021 09:04:18.071 INFO [main] org.apache.catalina.startup.VersionLoggerListener.log Command line argument: --add-opens=java.base/java.io=ALL-UNNAMED
05-Feb-2021 09:04:18.071 INFO [main] org.apache.catalina.startup.VersionLoggerListener.log Command line argument: --add-opens=java.base/java.util=ALL-UNNAMED
05-Feb-2021 09:04:18.071 INFO [main] org.apache.catalina.startup.VersionLoggerListener.log Command line argument: --add-opens=java.base/java.util.concurrent=ALL-UNNAMED
05-Feb-2021 09:04:18.071 INFO [main] org.apache.catalina.startup.VersionLoggerListener.log Command line argument: --add-opens=java.rmi/sun.rmi.transport=ALL-UNNAMED
05-Feb-2021 09:04:18.071 INFO [main] org.apache.catalina.startup.VersionLoggerListener.log Command line argument: -Djava.util.logging.config.file=/Users/mactorres/kdi-dev/apache-tomcat-8.5.63/conf/logging.properties
05-Feb-2021 09:04:18.072 INFO [main] org.apache.catalina.startup.VersionLoggerListener.log Command line argument: -Djava.util.logging.manager=org.apache.juli.ClassLoaderLogManager
05-Feb-2021 09:04:18.072 INFO [main] org.apache.catalina.startup.VersionLoggerListener.log Command line argument: -Djdk.tls.ephemeralDHKeySize=2048
05-Feb-2021 09:04:18.072 INFO [main] org.apache.catalina.startup.VersionLoggerListener.log Command line argument: -Djava.protocol.handler.pkgs=org.apache.catalina.webresources
05-Feb-2021 09:04:18.072 INFO [main] org.apache.catalina.startup.VersionLoggerListener.log Command line argument: -Dorg.apache.catalina.security.SecurityListener.UMASK=0027
05-Feb-2021 09:04:18.073 INFO [main] org.apache.catalina.startup.VersionLoggerListener.log Command line argument: -Dignore.endorsed.dirs=
05-Feb-2021 09:04:18.073 INFO [main] org.apache.catalina.startup.VersionLoggerListener.log Command line argument: -Dcatalina.base=/Users/mactorres/kdi-dev/apache-tomcat-8.5.63
05-Feb-2021 09:04:18.074 INFO [main] org.apache.catalina.startup.VersionLoggerListener.log Command line argument: -Dcatalina.home=/Users/mactorres/kdi-dev/apache-tomcat-8.5.63
05-Feb-2021 09:04:18.074 INFO [main] org.apache.catalina.startup.VersionLoggerListener.log Command line argument: -Djava.io.tmpdir=/Users/mactorres/kdi-dev/apache-tomcat-8.5.63/temp
05-Feb-2021 09:04:18.074 INFO [main] org.apache.catalina.core.AprLifecycleListener.lifecycleEvent The Apache Tomcat Native library which allows using OpenSSL was not found on the java.library.path: [/Users/mactorres/Library/Java/Extensions:/Library/Java/Extensions:/Network/Library/Java/Extensions:/System/Library/Java/Extensions:/usr/lib/java:.]
05-Feb-2021 09:04:18.124 INFO [main] org.apache.coyote.AbstractProtocol.init Initializing ProtocolHandler ["http-nio-8001"]
05-Feb-2021 09:04:18.461 INFO [main] org.apache.tomcat.util.net.NioSelectorPool.getSharedSelector Using a shared selector for servlet write/read
05-Feb-2021 09:04:18.481 INFO [main] org.apache.catalina.startup.Catalina.load Initialization processed in 1654 ms
05-Feb-2021 09:04:18.551 INFO [main] org.apache.catalina.core.StandardService.startInternal Starting service [Catalina]
05-Feb-2021 09:04:18.552 INFO [main] org.apache.catalina.core.StandardEngine.startInternal Starting Servlet Engine: Apache Tomcat/8.5.63
05-Feb-2021 09:04:18.563 INFO [localhost-startStop-1] org.apache.catalina.startup.HostConfig.deployDirectory Deploying web application directory [/Users/mactorres/kdi-dev/apache-tomcat-8.5.63/webapps/docs]
05-Feb-2021 09:04:18.992 INFO [localhost-startStop-1] org.apache.catalina.startup.HostConfig.deployDirectory Deployment of web application directory [/Users/mactorres/kdi-dev/apache-tomcat-8.5.63/webapps/docs] has finished in [428] ms
05-Feb-2021 09:04:18.992 INFO [localhost-startStop-1] org.apache.catalina.startup.HostConfig.deployDirectory Deploying web application directory [/Users/mactorres/kdi-dev/apache-tomcat-8.5.63/webapps/manager]
05-Feb-2021 09:04:19.070 INFO [localhost-startStop-1] org.apache.catalina.startup.HostConfig.deployDirectory Deployment of web application directory [/Users/mactorres/kdi-dev/apache-tomcat-8.5.63/webapps/manager] has finished in [78] ms
05-Feb-2021 09:04:19.072 INFO [localhost-startStop-1] org.apache.catalina.startup.HostConfig.deployDirectory Deploying web application directory [/Users/mactorres/kdi-dev/apache-tomcat-8.5.63/webapps/examples]
05-Feb-2021 09:04:19.591 INFO [localhost-startStop-1] org.apache.catalina.startup.HostConfig.deployDirectory Deployment of web application directory [/Users/mactorres/kdi-dev/apache-tomcat-8.5.63/webapps/examples] has finished in [519] ms
05-Feb-2021 09:04:19.591 INFO [localhost-startStop-1] org.apache.catalina.startup.HostConfig.deployDirectory Deploying web application directory [/Users/mactorres/kdi-dev/apache-tomcat-8.5.63/webapps/ROOT]
05-Feb-2021 09:04:19.679 INFO [localhost-startStop-1] org.apache.catalina.startup.HostConfig.deployDirectory Deployment of web application directory [/Users/mactorres/kdi-dev/apache-tomcat-8.5.63/webapps/ROOT] has finished in [88] ms
05-Feb-2021 09:04:19.679 INFO [localhost-startStop-1] org.apache.catalina.startup.HostConfig.deployDirectory Deploying web application directory [/Users/mactorres/kdi-dev/apache-tomcat-8.5.63/webapps/host-manager]
05-Feb-2021 09:04:19.724 INFO [localhost-startStop-1] org.apache.catalina.startup.HostConfig.deployDirectory Deployment of web application directory [/Users/mactorres/kdi-dev/apache-tomcat-8.5.63/webapps/host-manager] has finished in [45] ms
05-Feb-2021 09:04:19.728 INFO [main] org.apache.coyote.AbstractProtocol.start Starting ProtocolHandler ["http-nio-8001"]
05-Feb-2021 09:04:19.739 INFO [main] org.apache.catalina.startup.Catalina.start Server startup in 1256 ms
05-Feb-2021 09:08:59.869 INFO [ContainerBackgroundProcessor[StandardEngine[Catalina]]] org.apache.catalina.users.MemoryUserDatabase.backgroundProcess Reloading memory user database [UserDatabase] from updated source [file:/Users/mactorres/kdi-dev/apache-tomcat-8.5.63/conf/tomcat-users.xml]
05-Feb-2021 09:10:59.927 INFO [ContainerBackgroundProcessor[StandardEngine[Catalina]]] org.apache.catalina.startup.HostConfig.undeploy Undeploying context [/manager]
05-Feb-2021 09:10:59.960 INFO [localhost-startStop-2] org.apache.catalina.startup.HostConfig.deployDirectory Deploying web application directory [/Users/mactorres/kdi-dev/apache-tomcat-8.5.63/webapps/manager]
05-Feb-2021 09:10:59.996 INFO [localhost-startStop-2] org.apache.catalina.startup.HostConfig.deployDirectory Deployment of web application directory [/Users/mactorres/kdi-dev/apache-tomcat-8.5.63/webapps/manager] has finished in [37] ms
05-Feb-2021 09:13:08.681 INFO [main] org.apache.catalina.core.StandardServer.await A valid shutdown command was received via the shutdown port. Stopping the Server instance.
05-Feb-2021 09:13:08.682 INFO [main] org.apache.coyote.AbstractProtocol.pause Pausing ProtocolHandler ["http-nio-8001"]
05-Feb-2021 09:13:08.688 INFO [main] org.apache.catalina.core.StandardService.stopInternal Stopping service [Catalina]
05-Feb-2021 09:13:08.710 INFO [main] org.apache.coyote.AbstractProtocol.stop Stopping ProtocolHandler ["http-nio-8001"]
05-Feb-2021 09:13:08.714 INFO [main] org.apache.coyote.AbstractProtocol.destroy Destroying ProtocolHandler ["http-nio-8001"]
05-Feb-2021 09:13:19.769 INFO [main] org.apache.catalina.startup.VersionLoggerListener.log Server version name:   Apache Tomcat/8.5.63
05-Feb-2021 09:13:19.773 INFO [main] org.apache.catalina.startup.VersionLoggerListener.log Server built:          Jan 29 2021 11:21:49 UTC
05-Feb-2021 09:13:19.773 INFO [main] org.apache.catalina.startup.VersionLoggerListener.log Server version number: 8.5.63.0
05-Feb-2021 09:13:19.774 INFO [main] org.apache.catalina.startup.VersionLoggerListener.log OS Name:               Mac OS X
05-Feb-2021 09:13:19.774 INFO [main] org.apache.catalina.startup.VersionLoggerListener.log OS Version:            10.15.7
05-Feb-2021 09:13:19.775 INFO [main] org.apache.catalina.startup.VersionLoggerListener.log Architecture:          x86_64
05-Feb-2021 09:13:19.775 INFO [main] org.apache.catalina.startup.VersionLoggerListener.log Java Home:             /Users/mactorres/Library/Java/JavaVirtualMachines/openjdk-15.0.1/Contents/Home
05-Feb-2021 09:13:19.776 INFO [main] org.apache.catalina.startup.VersionLoggerListener.log JVM Version:           15.0.1+9-18
05-Feb-2021 09:13:19.776 INFO [main] org.apache.catalina.startup.VersionLoggerListener.log JVM Vendor:            Oracle Corporation
05-Feb-2021 09:13:19.776 INFO [main] org.apache.catalina.startup.VersionLoggerListener.log CATALINA_BASE:         /Users/mactorres/kdi-dev/apache-tomcat-8.5.63
05-Feb-2021 09:13:19.777 INFO [main] org.apache.catalina.startup.VersionLoggerListener.log CATALINA_HOME:         /Users/mactorres/kdi-dev/apache-tomcat-8.5.63
05-Feb-2021 09:13:19.778 INFO [main] org.apache.catalina.startup.VersionLoggerListener.log Command line argument: --add-opens=java.base/java.lang=ALL-UNNAMED
05-Feb-2021 09:13:19.779 INFO [main] org.apache.catalina.startup.VersionLoggerListener.log Command line argument: --add-opens=java.base/java.io=ALL-UNNAMED
05-Feb-2021 09:13:19.779 INFO [main] org.apache.catalina.startup.VersionLoggerListener.log Command line argument: --add-opens=java.base/java.util=ALL-UNNAMED
05-Feb-2021 09:13:19.779 INFO [main] org.apache.catalina.startup.VersionLoggerListener.log Command line argument: --add-opens=java.base/java.util.concurrent=ALL-UNNAMED
05-Feb-2021 09:13:19.779 INFO [main] org.apache.catalina.startup.VersionLoggerListener.log Command line argument: --add-opens=java.rmi/sun.rmi.transport=ALL-UNNAMED
05-Feb-2021 09:13:19.779 INFO [main] org.apache.catalina.startup.VersionLoggerListener.log Command line argument: -Djava.util.logging.config.file=/Users/mactorres/kdi-dev/apache-tomcat-8.5.63/conf/logging.properties
05-Feb-2021 09:13:19.779 INFO [main] org.apache.catalina.startup.VersionLoggerListener.log Command line argument: -Djava.util.logging.manager=org.apache.juli.ClassLoaderLogManager
05-Feb-2021 09:13:19.780 INFO [main] org.apache.catalina.startup.VersionLoggerListener.log Command line argument: -Djdk.tls.ephemeralDHKeySize=2048
05-Feb-2021 09:13:19.780 INFO [main] org.apache.catalina.startup.VersionLoggerListener.log Command line argument: -Djava.protocol.handler.pkgs=org.apache.catalina.webresources
05-Feb-2021 09:13:19.780 INFO [main] org.apache.catalina.startup.VersionLoggerListener.log Command line argument: -Dorg.apache.catalina.security.SecurityListener.UMASK=0027
05-Feb-2021 09:13:19.780 INFO [main] org.apache.catalina.startup.VersionLoggerListener.log Command line argument: -Dignore.endorsed.dirs=
05-Feb-2021 09:13:19.780 INFO [main] org.apache.catalina.startup.VersionLoggerListener.log Command line argument: -Dcatalina.base=/Users/mactorres/kdi-dev/apache-tomcat-8.5.63
05-Feb-2021 09:13:19.781 INFO [main] org.apache.catalina.startup.VersionLoggerListener.log Command line argument: -Dcatalina.home=/Users/mactorres/kdi-dev/apache-tomcat-8.5.63
05-Feb-2021 09:13:19.781 INFO [main] org.apache.catalina.startup.VersionLoggerListener.log Command line argument: -Djava.io.tmpdir=/Users/mactorres/kdi-dev/apache-tomcat-8.5.63/temp
05-Feb-2021 09:13:19.782 INFO [main] org.apache.catalina.core.AprLifecycleListener.lifecycleEvent The Apache Tomcat Native library which allows using OpenSSL was not found on the java.library.path: [/Users/mactorres/Library/Java/Extensions:/Library/Java/Extensions:/Network/Library/Java/Extensions:/System/Library/Java/Extensions:/usr/lib/java:.]
05-Feb-2021 09:13:19.840 INFO [main] org.apache.coyote.AbstractProtocol.init Initializing ProtocolHandler ["http-nio-8001"]
05-Feb-2021 09:13:19.878 INFO [main] org.apache.tomcat.util.net.NioSelectorPool.getSharedSelector Using a shared selector for servlet write/read
05-Feb-2021 09:13:19.897 INFO [main] org.apache.catalina.startup.Catalina.load Initialization processed in 727 ms
05-Feb-2021 09:13:19.962 INFO [main] org.apache.catalina.core.StandardService.startInternal Starting service [Catalina]
05-Feb-2021 09:13:19.963 INFO [main] org.apache.catalina.core.StandardEngine.startInternal Starting Servlet Engine: Apache Tomcat/8.5.63
05-Feb-2021 09:13:19.972 INFO [localhost-startStop-1] org.apache.catalina.startup.HostConfig.deployDirectory Deploying web application directory [/Users/mactorres/kdi-dev/apache-tomcat-8.5.63/webapps/docs]
05-Feb-2021 09:13:20.322 INFO [localhost-startStop-1] org.apache.catalina.startup.HostConfig.deployDirectory Deployment of web application directory [/Users/mactorres/kdi-dev/apache-tomcat-8.5.63/webapps/docs] has finished in [349] ms
05-Feb-2021 09:13:20.323 INFO [localhost-startStop-1] org.apache.catalina.startup.HostConfig.deployDirectory Deploying web application directory [/Users/mactorres/kdi-dev/apache-tomcat-8.5.63/webapps/manager]
05-Feb-2021 09:13:20.380 INFO [localhost-startStop-1] org.apache.catalina.startup.HostConfig.deployDirectory Deployment of web application directory [/Users/mactorres/kdi-dev/apache-tomcat-8.5.63/webapps/manager] has finished in [57] ms
05-Feb-2021 09:13:20.381 INFO [localhost-startStop-1] org.apache.catalina.startup.HostConfig.deployDirectory Deploying web application directory [/Users/mactorres/kdi-dev/apache-tomcat-8.5.63/webapps/examples]
05-Feb-2021 09:13:20.759 INFO [localhost-startStop-1] org.apache.catalina.startup.HostConfig.deployDirectory Deployment of web application directory [/Users/mactorres/kdi-dev/apache-tomcat-8.5.63/webapps/examples] has finished in [378] ms
05-Feb-2021 09:13:20.759 INFO [localhost-startStop-1] org.apache.catalina.startup.HostConfig.deployDirectory Deploying web application directory [/Users/mactorres/kdi-dev/apache-tomcat-8.5.63/webapps/ROOT]
05-Feb-2021 09:13:20.792 INFO [localhost-startStop-1] org.apache.catalina.startup.HostConfig.deployDirectory Deployment of web application directory [/Users/mactorres/kdi-dev/apache-tomcat-8.5.63/webapps/ROOT] has finished in [32] ms
05-Feb-2021 09:13:20.792 INFO [localhost-startStop-1] org.apache.catalina.startup.HostConfig.deployDirectory Deploying web application directory [/Users/mactorres/kdi-dev/apache-tomcat-8.5.63/webapps/host-manager]
05-Feb-2021 09:13:20.834 INFO [localhost-startStop-1] org.apache.catalina.startup.HostConfig.deployDirectory Deployment of web application directory [/Users/mactorres/kdi-dev/apache-tomcat-8.5.63/webapps/host-manager] has finished in [42] ms
05-Feb-2021 09:13:20.838 INFO [main] org.apache.coyote.AbstractProtocol.start Starting ProtocolHandler ["http-nio-8001"]
05-Feb-2021 09:13:20.861 INFO [main] org.apache.catalina.startup.Catalina.start Server startup in 963 ms
05-Feb-2021 09:15:48.453 INFO [main] org.apache.catalina.core.StandardServer.await A valid shutdown command was received via the shutdown port. Stopping the Server instance.
05-Feb-2021 09:15:48.454 INFO [main] org.apache.coyote.AbstractProtocol.pause Pausing ProtocolHandler ["http-nio-8001"]
05-Feb-2021 09:15:48.459 INFO [main] org.apache.catalina.core.StandardService.stopInternal Stopping service [Catalina]
05-Feb-2021 09:15:48.506 INFO [main] org.apache.coyote.AbstractProtocol.stop Stopping ProtocolHandler ["http-nio-8001"]
05-Feb-2021 09:15:48.510 INFO [main] org.apache.coyote.AbstractProtocol.destroy Destroying ProtocolHandler ["http-nio-8001"]
