12-Feb-2021 14:00:31.452 INFO [localhost-startStop-1] org.apache.catalina.core.ApplicationContext.log 3 Spring WebApplicationInitializers detected on classpath
12-Feb-2021 14:00:36.551 INFO [localhost-startStop-1] org.apache.catalina.core.ApplicationContext.log Initializing Spring embedded WebApplicationContext
12-Feb-2021 14:00:38.833 INFO [localhost-startStop-1] org.apache.catalina.core.ApplicationContext.log Initializing Spring embedded WebApplicationContext
12-Feb-2021 14:00:42.802 INFO [localhost-startStop-1] org.apache.catalina.core.ApplicationContext.log 2 Spring WebApplicationInitializers detected on classpath
12-Feb-2021 14:00:47.039 INFO [localhost-startStop-1] org.apache.catalina.core.ApplicationContext.log Initializing Spring embedded WebApplicationContext
12-Feb-2021 14:00:55.823 INFO [localhost-startStop-1] org.apache.catalina.core.ApplicationContext.log ContextListener: contextInitialized()
12-Feb-2021 14:00:55.823 INFO [localhost-startStop-1] org.apache.catalina.core.ApplicationContext.log SessionListener: contextInitialized()
12-Feb-2021 14:00:55.825 INFO [localhost-startStop-1] org.apache.catalina.core.ApplicationContext.log ContextListener: attributeAdded('StockTicker', 'async.Stockticker@ddccbea')
12-Feb-2021 14:01:21.312 INFO [http-nio-8001-exec-5] org.apache.catalina.core.ApplicationContext.log Closing Spring root WebApplicationContext
12-Feb-2021 14:01:27.748 INFO [http-nio-8001-exec-1] org.apache.catalina.core.ApplicationContext.log 2 Spring WebApplicationInitializers detected on classpath
12-Feb-2021 14:01:31.572 INFO [http-nio-8001-exec-1] org.apache.catalina.core.ApplicationContext.log Initializing Spring embedded WebApplicationContext
12-Feb-2021 14:38:51.544 INFO [http-nio-8001-exec-14] org.apache.catalina.core.ApplicationContext.log Closing Spring root WebApplicationContext
12-Feb-2021 14:38:56.817 INFO [http-nio-8001-exec-15] org.apache.catalina.core.ApplicationContext.log 2 Spring WebApplicationInitializers detected on classpath
12-Feb-2021 14:39:00.018 INFO [http-nio-8001-exec-15] org.apache.catalina.core.ApplicationContext.log Initializing Spring embedded WebApplicationContext
12-Feb-2021 15:02:28.475 INFO [http-nio-8001-exec-22] org.apache.catalina.core.ApplicationContext.log Closing Spring root WebApplicationContext
12-Feb-2021 15:02:33.240 INFO [http-nio-8001-exec-21] org.apache.catalina.core.ApplicationContext.log 2 Spring WebApplicationInitializers detected on classpath
12-Feb-2021 15:02:36.854 INFO [http-nio-8001-exec-21] org.apache.catalina.core.ApplicationContext.log Initializing Spring embedded WebApplicationContext
12-Feb-2021 15:07:08.510 INFO [localhost-startStop-2] org.apache.catalina.core.ApplicationContext.log Closing Spring root WebApplicationContext
12-Feb-2021 15:07:08.634 INFO [localhost-startStop-2] org.apache.catalina.core.ApplicationContext.log SessionListener: contextDestroyed()
12-Feb-2021 15:07:08.634 INFO [localhost-startStop-2] org.apache.catalina.core.ApplicationContext.log ContextListener: contextDestroyed()
12-Feb-2021 15:07:08.648 INFO [localhost-startStop-2] org.apache.catalina.core.ApplicationContext.log Closing Spring root WebApplicationContext
12-Feb-2021 15:07:08.684 INFO [localhost-startStop-2] org.apache.catalina.core.ApplicationContext.log Closing Spring root WebApplicationContext
