11-Feb-2021 14:19:00.644 INFO [localhost-startStop-1] org.apache.catalina.core.ApplicationContext.log 3 Spring WebApplicationInitializers detected on classpath
11-Feb-2021 14:19:04.403 INFO [localhost-startStop-1] org.apache.catalina.core.ApplicationContext.log Initializing Spring embedded WebApplicationContext
11-Feb-2021 14:19:06.256 INFO [localhost-startStop-1] org.apache.catalina.core.ApplicationContext.log Initializing Spring embedded WebApplicationContext
11-Feb-2021 14:19:09.774 INFO [localhost-startStop-1] org.apache.catalina.core.ApplicationContext.log 2 Spring WebApplicationInitializers detected on classpath
11-Feb-2021 14:19:13.458 INFO [localhost-startStop-1] org.apache.catalina.core.ApplicationContext.log Initializing Spring embedded WebApplicationContext
11-Feb-2021 14:19:19.212 INFO [localhost-startStop-1] org.apache.catalina.core.ApplicationContext.log ContextListener: contextInitialized()
11-Feb-2021 14:19:19.212 INFO [localhost-startStop-1] org.apache.catalina.core.ApplicationContext.log SessionListener: contextInitialized()
11-Feb-2021 14:19:19.214 INFO [localhost-startStop-1] org.apache.catalina.core.ApplicationContext.log ContextListener: attributeAdded('StockTicker', 'async.Stockticker@547f24e0')
11-Feb-2021 14:23:11.699 INFO [http-nio-8001-exec-7] org.apache.catalina.core.ApplicationContext.log Closing Spring root WebApplicationContext
11-Feb-2021 14:23:11.772 INFO [http-nio-8001-exec-7] org.apache.catalina.core.ApplicationContext.log Closing Spring root WebApplicationContext
11-Feb-2021 14:23:15.752 INFO [http-nio-8001-exec-10] org.apache.catalina.core.ApplicationContext.log 3 Spring WebApplicationInitializers detected on classpath
11-Feb-2021 14:23:19.575 INFO [http-nio-8001-exec-10] org.apache.catalina.core.ApplicationContext.log Initializing Spring embedded WebApplicationContext
11-Feb-2021 14:23:24.017 INFO [http-nio-8001-exec-10] org.apache.catalina.core.ApplicationContext.log Initializing Spring embedded WebApplicationContext
11-Feb-2021 14:23:54.028 INFO [http-nio-8001-exec-4] org.apache.catalina.core.ApplicationContext.log Initializing Spring DispatcherServlet 'dispatcherServlet'
11-Feb-2021 14:24:06.886 INFO [http-nio-8001-exec-6] org.apache.catalina.core.ApplicationContext.log 2 Spring WebApplicationInitializers detected on classpath
11-Feb-2021 14:24:10.910 INFO [http-nio-8001-exec-6] org.apache.catalina.core.ApplicationContext.log Initializing Spring embedded WebApplicationContext
11-Feb-2021 14:24:23.891 INFO [http-nio-8001-exec-11] org.apache.catalina.core.ApplicationContext.log Initializing Spring DispatcherServlet 'dispatcherServlet'
11-Feb-2021 14:39:17.044 INFO [http-nio-8001-exec-19] org.apache.catalina.core.ApplicationContext.log Destroying Spring FrameworkServlet 'dispatcherServlet'
11-Feb-2021 14:39:17.047 INFO [http-nio-8001-exec-19] org.apache.catalina.core.ApplicationContext.log Closing Spring root WebApplicationContext
11-Feb-2021 14:39:17.095 INFO [http-nio-8001-exec-19] org.apache.catalina.core.ApplicationContext.log Closing Spring root WebApplicationContext
11-Feb-2021 14:39:21.178 INFO [http-nio-8001-exec-19] org.apache.catalina.core.ApplicationContext.log 3 Spring WebApplicationInitializers detected on classpath
11-Feb-2021 14:39:23.769 INFO [http-nio-8001-exec-19] org.apache.catalina.core.ApplicationContext.log Initializing Spring embedded WebApplicationContext
11-Feb-2021 14:39:25.341 INFO [http-nio-8001-exec-19] org.apache.catalina.core.ApplicationContext.log Initializing Spring embedded WebApplicationContext
11-Feb-2021 15:05:58.868 INFO [http-nio-8001-exec-30] org.apache.catalina.core.ApplicationContext.log Destroying Spring FrameworkServlet 'dispatcherServlet'
11-Feb-2021 15:05:58.871 INFO [http-nio-8001-exec-30] org.apache.catalina.core.ApplicationContext.log Closing Spring root WebApplicationContext
11-Feb-2021 15:05:59.636 INFO [http-nio-8001-exec-32] org.apache.catalina.core.ApplicationContext.log Closing Spring root WebApplicationContext
11-Feb-2021 15:05:59.672 INFO [http-nio-8001-exec-32] org.apache.catalina.core.ApplicationContext.log Closing Spring root WebApplicationContext
11-Feb-2021 15:07:54.479 INFO [http-nio-8001-exec-40] org.apache.catalina.core.ApplicationContext.log 2 Spring WebApplicationInitializers detected on classpath
11-Feb-2021 15:07:58.049 INFO [http-nio-8001-exec-40] org.apache.catalina.core.ApplicationContext.log Initializing Spring embedded WebApplicationContext
11-Feb-2021 15:08:24.840 INFO [http-nio-8001-exec-42] org.apache.catalina.core.ApplicationContext.log 3 Spring WebApplicationInitializers detected on classpath
11-Feb-2021 15:08:27.266 INFO [http-nio-8001-exec-42] org.apache.catalina.core.ApplicationContext.log Initializing Spring embedded WebApplicationContext
11-Feb-2021 15:08:29.491 INFO [http-nio-8001-exec-42] org.apache.catalina.core.ApplicationContext.log Initializing Spring embedded WebApplicationContext
11-Feb-2021 15:08:53.044 INFO [http-nio-8001-exec-42] org.apache.catalina.core.ApplicationContext.log Initializing Spring DispatcherServlet 'dispatcherServlet'
11-Feb-2021 15:08:53.211 INFO [http-nio-8001-exec-43] org.apache.catalina.core.ApplicationContext.log Initializing Spring DispatcherServlet 'dispatcherServlet'
11-Feb-2021 15:18:12.989 INFO [localhost-startStop-2] org.apache.catalina.core.ApplicationContext.log Destroying Spring FrameworkServlet 'dispatcherServlet'
11-Feb-2021 15:18:12.993 INFO [localhost-startStop-2] org.apache.catalina.core.ApplicationContext.log Closing Spring root WebApplicationContext
11-Feb-2021 15:18:13.107 INFO [localhost-startStop-2] org.apache.catalina.core.ApplicationContext.log SessionListener: contextDestroyed()
11-Feb-2021 15:18:13.107 INFO [localhost-startStop-2] org.apache.catalina.core.ApplicationContext.log ContextListener: contextDestroyed()
11-Feb-2021 15:18:13.119 INFO [localhost-startStop-2] org.apache.catalina.core.ApplicationContext.log Destroying Spring FrameworkServlet 'dispatcherServlet'
11-Feb-2021 15:18:13.122 INFO [localhost-startStop-2] org.apache.catalina.core.ApplicationContext.log Closing Spring root WebApplicationContext
11-Feb-2021 15:18:13.152 INFO [localhost-startStop-2] org.apache.catalina.core.ApplicationContext.log Closing Spring root WebApplicationContext
