12-Feb-2021 14:01:09.318 INFO [http-nio-8001-exec-10] org.apache.catalina.core.ApplicationContext.log HTMLManager: init: Associated with Deployer 'Catalina:type=Deployer,host=localhost'
12-Feb-2021 14:01:09.318 INFO [http-nio-8001-exec-10] org.apache.catalina.core.ApplicationContext.log HTMLManager: init: Global resources are available
12-Feb-2021 14:01:09.336 INFO [http-nio-8001-exec-10] org.apache.catalina.core.ApplicationContext.log HTMLManager: list: Listing contexts for virtual host 'localhost'
12-Feb-2021 14:01:21.295 INFO [http-nio-8001-exec-6] org.apache.catalina.core.ApplicationContext.log Manager: init: Associated with Deployer 'Catalina:type=Deployer,host=localhost'
12-Feb-2021 14:01:21.295 INFO [http-nio-8001-exec-6] org.apache.catalina.core.ApplicationContext.log Manager: init: Global resources are available
12-Feb-2021 14:01:21.296 INFO [http-nio-8001-exec-6] org.apache.catalina.core.ApplicationContext.log Manager: list: Listing contexts for virtual host 'localhost'
12-Feb-2021 14:01:21.304 INFO [http-nio-8001-exec-7] org.apache.catalina.core.ApplicationContext.log Manager: list: Listing contexts for virtual host 'localhost'
12-Feb-2021 14:01:21.308 INFO [http-nio-8001-exec-5] org.apache.catalina.core.ApplicationContext.log Manager: undeploy: Undeploying web application at '/tasks-backend'
12-Feb-2021 14:01:21.987 INFO [http-nio-8001-exec-1] org.apache.catalina.core.ApplicationContext.log Manager: deploy: Deploying web application '/tasks-backend'
12-Feb-2021 14:01:21.987 INFO [http-nio-8001-exec-1] org.apache.catalina.core.ApplicationContext.log Manager: Uploading WAR file to /Users/mactorres/kdi-dev/intelliJ/devops/apache-tomcat-8.5.63/webapps/tasks-backend.war
12-Feb-2021 14:38:51.525 INFO [http-nio-8001-exec-12] org.apache.catalina.core.ApplicationContext.log Manager: list: Listing contexts for virtual host 'localhost'
12-Feb-2021 14:38:51.533 INFO [http-nio-8001-exec-13] org.apache.catalina.core.ApplicationContext.log Manager: list: Listing contexts for virtual host 'localhost'
12-Feb-2021 14:38:51.536 INFO [http-nio-8001-exec-14] org.apache.catalina.core.ApplicationContext.log Manager: undeploy: Undeploying web application at '/tasks-backend'
12-Feb-2021 14:38:52.219 INFO [http-nio-8001-exec-15] org.apache.catalina.core.ApplicationContext.log Manager: deploy: Deploying web application '/tasks-backend'
12-Feb-2021 14:38:52.220 INFO [http-nio-8001-exec-15] org.apache.catalina.core.ApplicationContext.log Manager: Uploading WAR file to /Users/mactorres/kdi-dev/intelliJ/devops/apache-tomcat-8.5.63/webapps/tasks-backend.war
12-Feb-2021 15:02:28.458 INFO [http-nio-8001-exec-21] org.apache.catalina.core.ApplicationContext.log Manager: list: Listing contexts for virtual host 'localhost'
12-Feb-2021 15:02:28.464 INFO [http-nio-8001-exec-21] org.apache.catalina.core.ApplicationContext.log Manager: list: Listing contexts for virtual host 'localhost'
12-Feb-2021 15:02:28.468 INFO [http-nio-8001-exec-22] org.apache.catalina.core.ApplicationContext.log Manager: undeploy: Undeploying web application at '/tasks-backend'
12-Feb-2021 15:02:29.172 INFO [http-nio-8001-exec-21] org.apache.catalina.core.ApplicationContext.log Manager: deploy: Deploying web application '/tasks-backend'
12-Feb-2021 15:02:29.172 INFO [http-nio-8001-exec-21] org.apache.catalina.core.ApplicationContext.log Manager: Uploading WAR file to /Users/mactorres/kdi-dev/intelliJ/devops/apache-tomcat-8.5.63/webapps/tasks-backend.war
