11-Feb-2021 14:23:11.626 INFO [http-nio-8001-exec-5] org.apache.catalina.core.ApplicationContext.log Manager: init: Associated with Deployer 'Catalina:type=Deployer,host=localhost'
11-Feb-2021 14:23:11.627 INFO [http-nio-8001-exec-5] org.apache.catalina.core.ApplicationContext.log Manager: init: Global resources are available
11-Feb-2021 14:23:11.632 INFO [http-nio-8001-exec-5] org.apache.catalina.core.ApplicationContext.log Manager: list: Listing contexts for virtual host 'localhost'
11-Feb-2021 14:23:11.643 INFO [http-nio-8001-exec-6] org.apache.catalina.core.ApplicationContext.log Manager: list: Listing contexts for virtual host 'localhost'
11-Feb-2021 14:23:11.650 INFO [http-nio-8001-exec-7] org.apache.catalina.core.ApplicationContext.log Manager: undeploy: Undeploying web application at '/tasks'
11-Feb-2021 14:23:12.406 INFO [http-nio-8001-exec-10] org.apache.catalina.core.ApplicationContext.log Manager: deploy: Deploying web application '/tasks'
11-Feb-2021 14:23:12.406 INFO [http-nio-8001-exec-10] org.apache.catalina.core.ApplicationContext.log Manager: Uploading WAR file to /Users/mactorres/kdi-dev/intelliJ/devops/apache-tomcat-8.5.63/webapps/tasks.war
11-Feb-2021 14:23:49.054 INFO [http-nio-8001-exec-5] org.apache.catalina.core.ApplicationContext.log HTMLManager: init: Associated with Deployer 'Catalina:type=Deployer,host=localhost'
11-Feb-2021 14:23:49.055 INFO [http-nio-8001-exec-5] org.apache.catalina.core.ApplicationContext.log HTMLManager: init: Global resources are available
11-Feb-2021 14:23:49.075 INFO [http-nio-8001-exec-5] org.apache.catalina.core.ApplicationContext.log HTMLManager: list: Listing contexts for virtual host 'localhost'
11-Feb-2021 14:24:04.295 INFO [http-nio-8001-exec-6] org.apache.catalina.core.ApplicationContext.log HTMLManager: start: Starting web application '/tasks-backend'
11-Feb-2021 14:24:19.713 INFO [http-nio-8001-exec-6] org.apache.catalina.core.ApplicationContext.log HTMLManager: list: Listing contexts for virtual host 'localhost'
11-Feb-2021 14:39:17.019 INFO [http-nio-8001-exec-18] org.apache.catalina.core.ApplicationContext.log Manager: list: Listing contexts for virtual host 'localhost'
11-Feb-2021 14:39:17.027 INFO [http-nio-8001-exec-18] org.apache.catalina.core.ApplicationContext.log Manager: list: Listing contexts for virtual host 'localhost'
11-Feb-2021 14:39:17.033 INFO [http-nio-8001-exec-19] org.apache.catalina.core.ApplicationContext.log Manager: undeploy: Undeploying web application at '/tasks'
11-Feb-2021 14:39:17.714 INFO [http-nio-8001-exec-19] org.apache.catalina.core.ApplicationContext.log Manager: deploy: Deploying web application '/tasks'
11-Feb-2021 14:39:17.715 INFO [http-nio-8001-exec-19] org.apache.catalina.core.ApplicationContext.log Manager: Uploading WAR file to /Users/mactorres/kdi-dev/intelliJ/devops/apache-tomcat-8.5.63/webapps/tasks.war
11-Feb-2021 15:05:56.015 INFO [http-nio-8001-exec-29] org.apache.catalina.core.ApplicationContext.log HTMLManager: list: Listing contexts for virtual host 'localhost'
11-Feb-2021 15:05:58.863 INFO [http-nio-8001-exec-30] org.apache.catalina.core.ApplicationContext.log HTMLManager: stop: Stopping web application '/tasks-backend'
11-Feb-2021 15:05:59.141 INFO [http-nio-8001-exec-30] org.apache.catalina.core.ApplicationContext.log HTMLManager: list: Listing contexts for virtual host 'localhost'
11-Feb-2021 15:05:59.628 INFO [http-nio-8001-exec-32] org.apache.catalina.core.ApplicationContext.log HTMLManager: stop: Stopping web application '/tasks'
11-Feb-2021 15:05:59.690 INFO [http-nio-8001-exec-32] org.apache.catalina.core.ApplicationContext.log HTMLManager: list: Listing contexts for virtual host 'localhost'
11-Feb-2021 15:06:00.560 INFO [http-nio-8001-exec-36] org.apache.catalina.core.ApplicationContext.log HTMLManager: undeploy: Undeploying web application at '/tasks'
11-Feb-2021 15:06:01.108 INFO [http-nio-8001-exec-36] org.apache.catalina.core.ApplicationContext.log HTMLManager: list: Listing contexts for virtual host 'localhost'
11-Feb-2021 15:06:01.799 INFO [http-nio-8001-exec-37] org.apache.catalina.core.ApplicationContext.log HTMLManager: undeploy: Undeploying web application at '/tasks-backend'
11-Feb-2021 15:06:02.336 INFO [http-nio-8001-exec-37] org.apache.catalina.core.ApplicationContext.log HTMLManager: list: Listing contexts for virtual host 'localhost'
11-Feb-2021 15:07:50.395 INFO [http-nio-8001-exec-39] org.apache.catalina.core.ApplicationContext.log Manager: list: Listing contexts for virtual host 'localhost'
11-Feb-2021 15:07:50.403 INFO [http-nio-8001-exec-40] org.apache.catalina.core.ApplicationContext.log Manager: deploy: Deploying web application '/tasks-backend'
11-Feb-2021 15:07:50.403 INFO [http-nio-8001-exec-40] org.apache.catalina.core.ApplicationContext.log Manager: Uploading WAR file to /Users/mactorres/kdi-dev/intelliJ/devops/apache-tomcat-8.5.63/webapps/tasks-backend.war
11-Feb-2021 15:08:22.696 INFO [http-nio-8001-exec-41] org.apache.catalina.core.ApplicationContext.log Manager: list: Listing contexts for virtual host 'localhost'
11-Feb-2021 15:08:22.700 INFO [http-nio-8001-exec-42] org.apache.catalina.core.ApplicationContext.log Manager: deploy: Deploying web application '/tasks'
11-Feb-2021 15:08:22.701 INFO [http-nio-8001-exec-42] org.apache.catalina.core.ApplicationContext.log Manager: Uploading WAR file to /Users/mactorres/kdi-dev/intelliJ/devops/apache-tomcat-8.5.63/webapps/tasks.war
11-Feb-2021 15:08:30.033 INFO [http-nio-8001-exec-39] org.apache.catalina.core.ApplicationContext.log HTMLManager: list: Listing contexts for virtual host 'localhost'
11-Feb-2021 15:08:42.744 INFO [http-nio-8001-exec-38] org.apache.catalina.core.ApplicationContext.log HTMLManager: list: Listing contexts for virtual host 'localhost'
11-Feb-2021 15:08:50.065 INFO [http-nio-8001-exec-41] org.apache.catalina.core.ApplicationContext.log HTMLManager: list: Listing contexts for virtual host 'localhost'
